<?xml version="1.0" encoding="UTF-8"?>
<!-- Generated by org.testng.reporters.JUnitReportReporter -->
<testsuite hostname="USER-PC" failures="0" tests="1" name="com.herokuapp.theinternet.PostiveTests" time="26.614" errors="0" timestamp="25 12æœˆ 2019 08:35:06 GMT" skipped="0">
  <testcase classname="com.herokuapp.theinternet.PostiveTests" name="loginTest" time="26.614"/>
</testsuite> <!-- com.herokuapp.theinternet.PostiveTests -->
